<?xml version="1.0" encoding="UTF-8"?>
<testng-results skipped="0" failed="0" ignored="0" total="5" passed="5">
  <reporter-output>
    <line>
      <![CDATA[Opening https://accounts.google.com/signin/v2/identifier, current URL: 'data:,']]>
    </line>
    <line>
      <![CDATA[Finding elements: By.xpath: //input[@id='identifierId'], current URL: 'https://accounts.google.com/signin/v2/identifier?flowName=GlifWebSignIn&flowEntry=ServiceLogin']]>
    </line>
    <line>
      <![CDATA[Finding element: By.xpath: //input[@id='identifierId'], current URL: 'https://accounts.google.com/signin/v2/identifier?flowName=GlifWebSignIn&flowEntry=ServiceLogin']]>
    </line>
    <line>
      <![CDATA[Finding elements: By.xpath: //div[@id='identifierNext']/content/span, current URL: 'https://accounts.google.com/signin/v2/identifier?flowName=GlifWebSignIn&flowEntry=ServiceLogin']]>
    </line>
    <line>
      <![CDATA[Finding element: By.xpath: //div[@id='identifierNext']/content/span, current URL: 'https://accounts.google.com/signin/v2/identifier?flowName=GlifWebSignIn&flowEntry=ServiceLogin']]>
    </line>
    <line>
      <![CDATA[Finding elements: By.xpath: //input[@name='password'], current URL: 'https://accounts.google.com/signin/v2/identifier?flowName=GlifWebSignIn&flowEntry=ServiceLogin']]>
    </line>
    <line>
      <![CDATA[Finding elements: By.xpath: //input[@name='password'], current URL: 'https://accounts.google.com/signin/v2/sl/pwd?flowName=GlifWebSignIn&flowEntry=ServiceLogin&cid=1&navigationDirection=forward']]>
    </line>
    <line>
      <![CDATA[Finding element: By.xpath: //input[@name='password'], current URL: 'https://accounts.google.com/signin/v2/sl/pwd?flowName=GlifWebSignIn&flowEntry=ServiceLogin&cid=1&navigationDirection=forward']]>
    </line>
    <line>
      <![CDATA[Finding elements: By.xpath: //span[contains(text(), 'Next')], current URL: 'https://accounts.google.com/signin/v2/sl/pwd?flowName=GlifWebSignIn&flowEntry=ServiceLogin&cid=1&navigationDirection=forward']]>
    </line>
    <line>
      <![CDATA[Finding element: By.xpath: //span[contains(text(), 'Next')], current URL: 'https://accounts.google.com/signin/v2/sl/pwd?flowName=GlifWebSignIn&flowEntry=ServiceLogin&cid=1&navigationDirection=forward']]>
    </line>
    <line>
      <![CDATA[Finding elements: By.xpath: //a[@aria-label='Mail'], current URL: 'https://accounts.google.com/signin/v2/sl/pwd?flowName=GlifWebSignIn&flowEntry=ServiceLogin&cid=1&navigationDirection=forward']]>
    </line>
    <line>
      <![CDATA[Finding element: By.xpath: //a[@aria-label='Mail'], current URL: 'https://myaccount.google.com/?pli=1']]>
    </line>
    <line>
      <![CDATA[Finding element: By.xpath: //span[contains(text(), 'More')], current URL: 'https://mail.google.com/mail/#inbox']]>
    </line>
    <line>
      <![CDATA[Finding element: By.xpath: //a[@title='Trash'], current URL: 'https://mail.google.com/mail/#inbox']]>
    </line>
    <line>
      <![CDATA[Finding elements: By.xpath: //div[contains(text(), 'COMPOSE')], current URL: 'https://mail.google.com/mail/#inbox']]>
    </line>
    <line>
      <![CDATA[Finding element: By.xpath: //div[contains(text(), 'COMPOSE')], current URL: 'https://mail.google.com/mail/#inbox']]>
    </line>
    <line>
      <![CDATA[Finding elements: By.xpath: //textarea[@aria-label='To'], current URL: 'https://mail.google.com/mail/#inbox?compose=new']]>
    </line>
    <line>
      <![CDATA[Finding element: By.xpath: //textarea[@aria-label='To'], current URL: 'https://mail.google.com/mail/#inbox?compose=new']]>
    </line>
    <line>
      <![CDATA[Finding element: By.xpath: //textarea[@aria-label='To'], current URL: 'https://mail.google.com/mail/#inbox?compose=new']]>
    </line>
    <line>
      <![CDATA[Finding elements: By.xpath: //input[@placeholder='Subject'], current URL: 'https://mail.google.com/mail/#inbox?compose=new']]>
    </line>
    <line>
      <![CDATA[Finding element: By.xpath: //input[@placeholder='Subject'], current URL: 'https://mail.google.com/mail/#inbox?compose=new']]>
    </line>
    <line>
      <![CDATA[Finding elements: By.xpath: //div[@contenteditable='true'], current URL: 'https://mail.google.com/mail/#inbox?compose=new']]>
    </line>
    <line>
      <![CDATA[Finding element: By.xpath: //div[@contenteditable='true'], current URL: 'https://mail.google.com/mail/#inbox?compose=new']]>
    </line>
    <line>
      <![CDATA[Finding element: By.xpath: //div[@contenteditable='true'], current URL: 'https://mail.google.com/mail/#inbox?compose=new']]>
    </line>
    <line>
      <![CDATA[Finding elements: By.xpath: //*[@data-tooltip='Send ‪(Ctrl-Enter)‬'], current URL: 'https://mail.google.com/mail/#inbox?compose=new']]>
    </line>
    <line>
      <![CDATA[Finding element: By.xpath: //*[@data-tooltip='Send ‪(Ctrl-Enter)‬'], current URL: 'https://mail.google.com/mail/#inbox?compose=new']]>
    </line>
    <line>
      <![CDATA[Finding element: By.partialLinkText: Sent Mail, current URL: 'https://mail.google.com/mail/#inbox?compose=new']]>
    </line>
    <line>
      <![CDATA[Finding elements: By.xpath: //title[contains(text(), 'Sent Mail')], current URL: 'https://mail.google.com/mail/#inbox?compose=new']]>
    </line>
    <line>
      <![CDATA[Finding element: By.xpath: //span[contains(text(), 'More')], current URL: 'https://mail.google.com/mail/#sent']]>
    </line>
    <line>
      <![CDATA[Finding element: By.xpath: //a[@title='Trash'], current URL: 'https://mail.google.com/mail/#sent']]>
    </line>
    <line>
      <![CDATA[Finding element: By.cssSelector: a[title^='Google Account: '], current URL: 'https://mail.google.com/mail/#sent']]>
    </line>
    <line>
      <![CDATA[Finding elements: By.linkText: Sign out, current URL: 'https://mail.google.com/mail/#sent']]>
    </line>
    <line>
      <![CDATA[Finding element: By.linkText: Sign out, current URL: 'https://mail.google.com/mail/#sent']]>
    </line>
    <line>
      <![CDATA[Opening https://accounts.google.com/signin/v2/identifier, current URL: 'https://accounts.google.com/signin/v2/sl/pwd?service=mail&passive=true&rm=false&continue=https%3A%2F%2Fmail.google.com%2Fmail%2F&ss=1&scc=1&ltmpl=default&ltmplcache=2&emr=1&osid=1&flowName=GlifWebSignIn&flowEntry=ServiceLogin']]>
    </line>
    <line>
      <![CDATA[Finding elements: By.xpath: //input[@id='identifierId'], current URL: 'https://accounts.google.com/signin/v2/identifier?flowName=GlifWebSignIn&flowEntry=ServiceLogin']]>
    </line>
    <line>
      <![CDATA[Finding element: By.xpath: //input[@id='identifierId'], current URL: 'https://accounts.google.com/signin/v2/identifier?flowName=GlifWebSignIn&flowEntry=ServiceLogin']]>
    </line>
    <line>
      <![CDATA[Finding elements: By.xpath: //div[@id='identifierNext']/content/span, current URL: 'https://accounts.google.com/signin/v2/identifier?flowName=GlifWebSignIn&flowEntry=ServiceLogin']]>
    </line>
    <line>
      <![CDATA[Finding element: By.xpath: //div[@id='identifierNext']/content/span, current URL: 'https://accounts.google.com/signin/v2/identifier?flowName=GlifWebSignIn&flowEntry=ServiceLogin']]>
    </line>
    <line>
      <![CDATA[Finding elements: By.xpath: //input[@name='password'], current URL: 'https://accounts.google.com/signin/v2/identifier?flowName=GlifWebSignIn&flowEntry=ServiceLogin']]>
    </line>
    <line>
      <![CDATA[Finding elements: By.xpath: //input[@name='password'], current URL: 'https://accounts.google.com/signin/v2/sl/pwd?flowName=GlifWebSignIn&flowEntry=ServiceLogin&cid=1&navigationDirection=forward']]>
    </line>
    <line>
      <![CDATA[Finding element: By.xpath: //input[@name='password'], current URL: 'https://accounts.google.com/signin/v2/sl/pwd?flowName=GlifWebSignIn&flowEntry=ServiceLogin&cid=1&navigationDirection=forward']]>
    </line>
    <line>
      <![CDATA[Finding elements: By.xpath: //span[contains(text(), 'Next')], current URL: 'https://accounts.google.com/signin/v2/sl/pwd?flowName=GlifWebSignIn&flowEntry=ServiceLogin&cid=1&navigationDirection=forward']]>
    </line>
    <line>
      <![CDATA[Finding element: By.xpath: //span[contains(text(), 'Next')], current URL: 'https://accounts.google.com/signin/v2/sl/pwd?flowName=GlifWebSignIn&flowEntry=ServiceLogin&cid=1&navigationDirection=forward']]>
    </line>
    <line>
      <![CDATA[Finding elements: By.xpath: //a[@aria-label='Mail'], current URL: 'https://accounts.google.com/signin/v2/sl/pwd?flowName=GlifWebSignIn&flowEntry=ServiceLogin&cid=1&navigationDirection=forward']]>
    </line>
    <line>
      <![CDATA[Finding element: By.xpath: //a[@aria-label='Mail'], current URL: 'https://myaccount.google.com/?pli=1']]>
    </line>
    <line>
      <![CDATA[Finding element: By.xpath: //span[contains(text(), 'More')], current URL: 'https://mail.google.com/mail/#inbox']]>
    </line>
    <line>
      <![CDATA[Finding element: By.xpath: //a[@title='Trash'], current URL: 'https://mail.google.com/mail/#inbox']]>
    </line>
    <line>
      <![CDATA[Opening https://accounts.google.com/signin/v2/identifier, current URL: 'https://mail.google.com/mail/#inbox']]>
    </line>
    <line>
      <![CDATA[Finding elements: By.xpath: //input[@id='identifierId'], current URL: 'https://accounts.google.com/signin/v2/identifier?flowName=GlifWebSignIn&flowEntry=ServiceLogin']]>
    </line>
    <line>
      <![CDATA[Finding element: By.xpath: //input[@id='identifierId'], current URL: 'https://accounts.google.com/signin/v2/identifier?flowName=GlifWebSignIn&flowEntry=ServiceLogin']]>
    </line>
    <line>
      <![CDATA[Finding elements: By.xpath: //div[@id='identifierNext']/content/span, current URL: 'https://accounts.google.com/signin/v2/identifier?flowName=GlifWebSignIn&flowEntry=ServiceLogin']]>
    </line>
    <line>
      <![CDATA[Finding element: By.xpath: //div[@id='identifierNext']/content/span, current URL: 'https://accounts.google.com/signin/v2/identifier?flowName=GlifWebSignIn&flowEntry=ServiceLogin']]>
    </line>
    <line>
      <![CDATA[Finding elements: By.xpath: //input[@name='password'], current URL: 'https://accounts.google.com/signin/v2/identifier?flowName=GlifWebSignIn&flowEntry=ServiceLogin']]>
    </line>
    <line>
      <![CDATA[Finding elements: By.xpath: //input[@name='password'], current URL: 'https://accounts.google.com/signin/v2/sl/pwd?flowName=GlifWebSignIn&flowEntry=ServiceLogin&cid=1&navigationDirection=forward']]>
    </line>
    <line>
      <![CDATA[Finding element: By.xpath: //input[@name='password'], current URL: 'https://accounts.google.com/signin/v2/sl/pwd?flowName=GlifWebSignIn&flowEntry=ServiceLogin&cid=1&navigationDirection=forward']]>
    </line>
    <line>
      <![CDATA[Finding elements: By.xpath: //span[contains(text(), 'Next')], current URL: 'https://accounts.google.com/signin/v2/sl/pwd?flowName=GlifWebSignIn&flowEntry=ServiceLogin&cid=1&navigationDirection=forward']]>
    </line>
    <line>
      <![CDATA[Finding element: By.xpath: //span[contains(text(), 'Next')], current URL: 'https://accounts.google.com/signin/v2/sl/pwd?flowName=GlifWebSignIn&flowEntry=ServiceLogin&cid=1&navigationDirection=forward']]>
    </line>
    <line>
      <![CDATA[Finding elements: By.xpath: //a[@aria-label='Mail'], current URL: 'https://accounts.google.com/signin/v2/sl/pwd?flowName=GlifWebSignIn&flowEntry=ServiceLogin&cid=1&navigationDirection=forward']]>
    </line>
    <line>
      <![CDATA[Finding element: By.xpath: //a[@aria-label='Mail'], current URL: 'https://myaccount.google.com/']]>
    </line>
    <line>
      <![CDATA[Finding element: By.xpath: //span[contains(text(), 'More')], current URL: 'https://mail.google.com/mail/#inbox']]>
    </line>
    <line>
      <![CDATA[Finding element: By.xpath: //a[@title='Trash'], current URL: 'https://mail.google.com/mail/#inbox']]>
    </line>
    <line>
      <![CDATA[Finding elements: By.xpath: //div[contains(text(), 'COMPOSE')], current URL: 'https://mail.google.com/mail/#inbox']]>
    </line>
    <line>
      <![CDATA[Finding element: By.xpath: //div[contains(text(), 'COMPOSE')], current URL: 'https://mail.google.com/mail/#inbox']]>
    </line>
    <line>
      <![CDATA[Finding elements: By.xpath: //textarea[@aria-label='To'], current URL: 'https://mail.google.com/mail/#inbox?compose=new']]>
    </line>
    <line>
      <![CDATA[Finding element: By.xpath: //textarea[@aria-label='To'], current URL: 'https://mail.google.com/mail/#inbox?compose=new']]>
    </line>
    <line>
      <![CDATA[Finding element: By.xpath: //textarea[@aria-label='To'], current URL: 'https://mail.google.com/mail/#inbox?compose=new']]>
    </line>
    <line>
      <![CDATA[Finding elements: By.xpath: //input[@placeholder='Subject'], current URL: 'https://mail.google.com/mail/#inbox?compose=new']]>
    </line>
    <line>
      <![CDATA[Finding element: By.xpath: //input[@placeholder='Subject'], current URL: 'https://mail.google.com/mail/#inbox?compose=new']]>
    </line>
    <line>
      <![CDATA[Finding elements: By.xpath: //div[@contenteditable='true'], current URL: 'https://mail.google.com/mail/#inbox?compose=new']]>
    </line>
    <line>
      <![CDATA[Finding element: By.xpath: //div[@contenteditable='true'], current URL: 'https://mail.google.com/mail/#inbox?compose=new']]>
    </line>
    <line>
      <![CDATA[Finding element: By.xpath: //div[@contenteditable='true'], current URL: 'https://mail.google.com/mail/#inbox?compose=new']]>
    </line>
    <line>
      <![CDATA[Finding elements: By.xpath: //img[@data-tooltip='Save & Close'], current URL: 'https://mail.google.com/mail/#inbox?compose=new']]>
    </line>
    <line>
      <![CDATA[Finding element: By.xpath: //img[@data-tooltip='Save & Close'], current URL: 'https://mail.google.com/mail/#inbox?compose=new']]>
    </line>
    <line>
      <![CDATA[Finding element: By.partialLinkText: Drafts, current URL: 'https://mail.google.com/mail/#inbox']]>
    </line>
    <line>
      <![CDATA[Finding elements: By.xpath: //title[contains(text(), 'Drafts')], current URL: 'https://mail.google.com/mail/#inbox']]>
    </line>
    <line>
      <![CDATA[Finding element: By.xpath: //span[contains(text(), 'More')], current URL: 'https://mail.google.com/mail/#drafts']]>
    </line>
    <line>
      <![CDATA[Finding element: By.xpath: //a[@title='Trash'], current URL: 'https://mail.google.com/mail/#drafts']]>
    </line>
    <line>
      <![CDATA[Finding elements: By.xpath: //tr[1]/td[4]/div[2]/font[contains(text(), 'Draft')], current URL: 'https://mail.google.com/mail/#drafts']]>
    </line>
    <line>
      <![CDATA[Finding element: By.xpath: //tr[1]/td[4]/div[2]/font[contains(text(), 'Draft')], current URL: 'https://mail.google.com/mail/#drafts']]>
    </line>
    <line>
      <![CDATA[Finding elements: By.xpath: //*[@data-tooltip='Send ‪(Ctrl-Enter)‬'], current URL: 'https://mail.google.com/mail/#drafts']]>
    </line>
    <line>
      <![CDATA[Finding element: By.xpath: //*[@data-tooltip='Send ‪(Ctrl-Enter)‬'], current URL: 'https://mail.google.com/mail/#drafts?compose=15d47d01e6dae677']]>
    </line>
    <line>
      <![CDATA[Finding element: By.partialLinkText: Sent Mail, current URL: 'https://mail.google.com/mail/#drafts?compose=15d47d01e6dae677']]>
    </line>
    <line>
      <![CDATA[Finding elements: By.xpath: //title[contains(text(), 'Sent Mail')], current URL: 'https://mail.google.com/mail/#drafts?compose=15d47d01e6dae677']]>
    </line>
    <line>
      <![CDATA[Finding element: By.xpath: //span[contains(text(), 'More')], current URL: 'https://mail.google.com/mail/#sent']]>
    </line>
    <line>
      <![CDATA[Finding element: By.xpath: //a[@title='Trash'], current URL: 'https://mail.google.com/mail/#sent']]>
    </line>
    <line>
      <![CDATA[Finding element: By.xpath: //*[@role='main']/div[4]//table/tbody/tr[1]/td[8]/span, current URL: 'https://mail.google.com/mail/#sent']]>
    </line>
    <line>
      <![CDATA[Finding element: By.cssSelector: a[title^='Google Account: '], current URL: 'https://mail.google.com/mail/#sent']]>
    </line>
    <line>
      <![CDATA[Finding elements: By.linkText: Sign out, current URL: 'https://mail.google.com/mail/#sent']]>
    </line>
    <line>
      <![CDATA[Finding element: By.linkText: Sign out, current URL: 'https://mail.google.com/mail/#sent']]>
    </line>
    <line>
      <![CDATA[Opening https://accounts.google.com/signin/v2/identifier, current URL: 'https://accounts.google.com/signin/v2/sl/pwd?service=mail&passive=true&rm=false&continue=https%3A%2F%2Fmail.google.com%2Fmail%2F&ss=1&scc=1&ltmpl=default&ltmplcache=2&emr=1&osid=1&flowName=GlifWebSignIn&flowEntry=ServiceLogin']]>
    </line>
    <line>
      <![CDATA[Finding elements: By.xpath: //input[@id='identifierId'], current URL: 'https://accounts.google.com/signin/v2/identifier?flowName=GlifWebSignIn&flowEntry=ServiceLogin']]>
    </line>
    <line>
      <![CDATA[Finding element: By.xpath: //input[@id='identifierId'], current URL: 'https://accounts.google.com/signin/v2/identifier?flowName=GlifWebSignIn&flowEntry=ServiceLogin']]>
    </line>
    <line>
      <![CDATA[Finding elements: By.xpath: //div[@id='identifierNext']/content/span, current URL: 'https://accounts.google.com/signin/v2/identifier?flowName=GlifWebSignIn&flowEntry=ServiceLogin']]>
    </line>
    <line>
      <![CDATA[Finding element: By.xpath: //div[@id='identifierNext']/content/span, current URL: 'https://accounts.google.com/signin/v2/identifier?flowName=GlifWebSignIn&flowEntry=ServiceLogin']]>
    </line>
    <line>
      <![CDATA[Finding elements: By.xpath: //input[@name='password'], current URL: 'https://accounts.google.com/signin/v2/identifier?flowName=GlifWebSignIn&flowEntry=ServiceLogin']]>
    </line>
    <line>
      <![CDATA[Finding elements: By.xpath: //input[@name='password'], current URL: 'https://accounts.google.com/signin/v2/sl/pwd?flowName=GlifWebSignIn&flowEntry=ServiceLogin&cid=1&navigationDirection=forward']]>
    </line>
    <line>
      <![CDATA[Finding element: By.xpath: //input[@name='password'], current URL: 'https://accounts.google.com/signin/v2/sl/pwd?flowName=GlifWebSignIn&flowEntry=ServiceLogin&cid=1&navigationDirection=forward']]>
    </line>
    <line>
      <![CDATA[Finding elements: By.xpath: //span[contains(text(), 'Next')], current URL: 'https://accounts.google.com/signin/v2/sl/pwd?flowName=GlifWebSignIn&flowEntry=ServiceLogin&cid=1&navigationDirection=forward']]>
    </line>
    <line>
      <![CDATA[Finding element: By.xpath: //span[contains(text(), 'Next')], current URL: 'https://accounts.google.com/signin/v2/sl/pwd?flowName=GlifWebSignIn&flowEntry=ServiceLogin&cid=1&navigationDirection=forward']]>
    </line>
    <line>
      <![CDATA[Finding element: By.xpath: //*[contains (text(), 'Wrong password. Try again.')], current URL: 'https://accounts.google.com/signin/v2/sl/pwd?flowName=GlifWebSignIn&flowEntry=ServiceLogin&cid=1&navigationDirection=forward']]>
    </line>
    <line>
      <![CDATA[Finding elements: By.xpath: //input[@name='password'], current URL: 'https://accounts.google.com/signin/v2/sl/pwd?flowName=GlifWebSignIn&flowEntry=ServiceLogin&cid=1&navigationDirection=forward']]>
    </line>
    <line>
      <![CDATA[Finding element: By.xpath: //input[@name='password'], current URL: 'https://accounts.google.com/signin/v2/sl/pwd?flowName=GlifWebSignIn&flowEntry=ServiceLogin&cid=1&navigationDirection=forward']]>
    </line>
    <line>
      <![CDATA[Finding elements: By.xpath: //span[contains(text(), 'Next')], current URL: 'https://accounts.google.com/signin/v2/sl/pwd?flowName=GlifWebSignIn&flowEntry=ServiceLogin&cid=1&navigationDirection=forward']]>
    </line>
    <line>
      <![CDATA[Finding element: By.xpath: //span[contains(text(), 'Next')], current URL: 'https://accounts.google.com/signin/v2/sl/pwd?flowName=GlifWebSignIn&flowEntry=ServiceLogin&cid=1&navigationDirection=forward']]>
    </line>
    <line>
      <![CDATA[Finding elements: By.xpath: //a[@aria-label='Mail'], current URL: 'https://accounts.google.com/signin/v2/sl/pwd?flowName=GlifWebSignIn&flowEntry=ServiceLogin&cid=1&navigationDirection=forward']]>
    </line>
    <line>
      <![CDATA[Finding element: By.xpath: //a[@aria-label='Mail'], current URL: 'https://myaccount.google.com/?pli=1']]>
    </line>
    <line>
      <![CDATA[Finding element: By.xpath: //span[contains(text(), 'More')], current URL: 'https://mail.google.com/mail/#inbox']]>
    </line>
    <line>
      <![CDATA[Finding element: By.xpath: //a[@title='Trash'], current URL: 'https://mail.google.com/mail/#inbox']]>
    </line>
    <line>
      <![CDATA[Opening https://accounts.google.com/signin/v2/identifier, current URL: 'https://mail.google.com/mail/#inbox']]>
    </line>
    <line>
      <![CDATA[Finding elements: By.xpath: //input[@id='identifierId'], current URL: 'https://accounts.google.com/signin/v2/identifier?flowName=GlifWebSignIn&flowEntry=ServiceLogin']]>
    </line>
    <line>
      <![CDATA[Finding element: By.xpath: //input[@id='identifierId'], current URL: 'https://accounts.google.com/signin/v2/identifier?flowName=GlifWebSignIn&flowEntry=ServiceLogin']]>
    </line>
    <line>
      <![CDATA[Finding elements: By.xpath: //div[@id='identifierNext']/content/span, current URL: 'https://accounts.google.com/signin/v2/identifier?flowName=GlifWebSignIn&flowEntry=ServiceLogin']]>
    </line>
    <line>
      <![CDATA[Finding element: By.xpath: //div[@id='identifierNext']/content/span, current URL: 'https://accounts.google.com/signin/v2/identifier?flowName=GlifWebSignIn&flowEntry=ServiceLogin']]>
    </line>
    <line>
      <![CDATA[Finding elements: By.xpath: //input[@name='password'], current URL: 'https://accounts.google.com/signin/v2/identifier?flowName=GlifWebSignIn&flowEntry=ServiceLogin']]>
    </line>
    <line>
      <![CDATA[Finding elements: By.xpath: //input[@name='password'], current URL: 'https://accounts.google.com/signin/v2/sl/pwd?flowName=GlifWebSignIn&flowEntry=ServiceLogin&cid=1&navigationDirection=forward']]>
    </line>
    <line>
      <![CDATA[Finding element: By.xpath: //input[@name='password'], current URL: 'https://accounts.google.com/signin/v2/sl/pwd?flowName=GlifWebSignIn&flowEntry=ServiceLogin&cid=1&navigationDirection=forward']]>
    </line>
    <line>
      <![CDATA[Finding elements: By.xpath: //span[contains(text(), 'Next')], current URL: 'https://accounts.google.com/signin/v2/sl/pwd?flowName=GlifWebSignIn&flowEntry=ServiceLogin&cid=1&navigationDirection=forward']]>
    </line>
    <line>
      <![CDATA[Finding element: By.xpath: //span[contains(text(), 'Next')], current URL: 'https://accounts.google.com/signin/v2/sl/pwd?flowName=GlifWebSignIn&flowEntry=ServiceLogin&cid=1&navigationDirection=forward']]>
    </line>
    <line>
      <![CDATA[Finding elements: By.xpath: //a[@aria-label='Mail'], current URL: 'https://accounts.google.com/signin/v2/sl/pwd?flowName=GlifWebSignIn&flowEntry=ServiceLogin&cid=1&navigationDirection=forward']]>
    </line>
    <line>
      <![CDATA[Finding element: By.xpath: //a[@aria-label='Mail'], current URL: 'https://myaccount.google.com/']]>
    </line>
    <line>
      <![CDATA[Finding element: By.xpath: //span[contains(text(), 'More')], current URL: 'https://mail.google.com/mail/#inbox']]>
    </line>
    <line>
      <![CDATA[Finding element: By.xpath: //a[@title='Trash'], current URL: 'https://mail.google.com/mail/#inbox']]>
    </line>
    <line>
      <![CDATA[Finding elements: By.xpath: //div[contains(text(), 'COMPOSE')], current URL: 'https://mail.google.com/mail/#inbox']]>
    </line>
    <line>
      <![CDATA[Finding element: By.xpath: //div[contains(text(), 'COMPOSE')], current URL: 'https://mail.google.com/mail/#inbox']]>
    </line>
    <line>
      <![CDATA[Finding elements: By.xpath: //textarea[@aria-label='To'], current URL: 'https://mail.google.com/mail/#inbox?compose=new']]>
    </line>
    <line>
      <![CDATA[Finding element: By.xpath: //textarea[@aria-label='To'], current URL: 'https://mail.google.com/mail/#inbox?compose=new']]>
    </line>
    <line>
      <![CDATA[Finding element: By.xpath: //textarea[@aria-label='To'], current URL: 'https://mail.google.com/mail/#inbox?compose=new']]>
    </line>
    <line>
      <![CDATA[Finding elements: By.xpath: //input[@placeholder='Subject'], current URL: 'https://mail.google.com/mail/#inbox?compose=new']]>
    </line>
    <line>
      <![CDATA[Finding element: By.xpath: //input[@placeholder='Subject'], current URL: 'https://mail.google.com/mail/#inbox?compose=new']]>
    </line>
    <line>
      <![CDATA[Finding elements: By.xpath: //div[@contenteditable='true'], current URL: 'https://mail.google.com/mail/#inbox?compose=new']]>
    </line>
    <line>
      <![CDATA[Finding element: By.xpath: //div[@contenteditable='true'], current URL: 'https://mail.google.com/mail/#inbox?compose=new']]>
    </line>
    <line>
      <![CDATA[Finding element: By.xpath: //div[@contenteditable='true'], current URL: 'https://mail.google.com/mail/#inbox?compose=new']]>
    </line>
    <line>
      <![CDATA[Finding elements: By.xpath: //*[@data-tooltip='Send ‪(Ctrl-Enter)‬'], current URL: 'https://mail.google.com/mail/#inbox?compose=new']]>
    </line>
    <line>
      <![CDATA[Finding element: By.xpath: //*[@data-tooltip='Send ‪(Ctrl-Enter)‬'], current URL: 'https://mail.google.com/mail/#inbox?compose=new']]>
    </line>
    <line>
      <![CDATA[Finding element: By.partialLinkText: Sent Mail, current URL: 'https://mail.google.com/mail/#inbox?compose=new']]>
    </line>
    <line>
      <![CDATA[Finding elements: By.xpath: //title[contains(text(), 'Sent Mail')], current URL: 'https://mail.google.com/mail/#inbox?compose=new']]>
    </line>
    <line>
      <![CDATA[Finding element: By.xpath: //span[contains(text(), 'More')], current URL: 'https://mail.google.com/mail/#sent']]>
    </line>
    <line>
      <![CDATA[Finding element: By.xpath: //a[@title='Trash'], current URL: 'https://mail.google.com/mail/#sent']]>
    </line>
    <line>
      <![CDATA[Finding element: By.xpath: //input[@dir='ltr'], current URL: 'https://mail.google.com/mail/#sent']]>
    </line>
    <line>
      <![CDATA[Finding element: By.xpath: //button[@aria-label='Search Gmail'], current URL: 'https://mail.google.com/mail/#sent']]>
    </line>
    <line>
      <![CDATA[Finding elements: By.xpath: //div[@role='main']//tr[@aria-labelledby][1], current URL: 'https://mail.google.com/mail/#sent']]>
    </line>
    <line>
      <![CDATA[Finding element: By.xpath: //div[@role='main']//tr[@aria-labelledby][1], current URL: 'https://mail.google.com/mail/#sent']]>
    </line>
    <line>
      <![CDATA[Finding element: By.xpath: //span[contains(text(), 'More')], current URL: 'https://mail.google.com/mail/#sent/15d47d0738d45b8f']]>
    </line>
    <line>
      <![CDATA[Finding element: By.xpath: //a[@title='Trash'], current URL: 'https://mail.google.com/mail/#sent/15d47d0738d45b8f']]>
    </line>
    <line>
      <![CDATA[Finding elements: By.xpath: //img[@alt='In new window'], current URL: 'https://mail.google.com/mail/#sent/15d47d0738d45b8f']]>
    </line>
    <line>
      <![CDATA[Finding element: By.xpath: //img[@alt='In new window'], current URL: 'https://mail.google.com/mail/#sent/15d47d0738d45b8f']]>
    </line>
    <line>
      <![CDATA[Switching to new window]]>
    </line>
    <line>
      <![CDATA[Finding element: By.xpath: //div[@role='main']//h2, current URL: 'https://mail.google.com/mail/?ui=2&view=btop&ver=1qarjayb7dfsd&search=sent&th=15d47d0738d45b8f&cvid=1']]>
    </line>
    <line>
      <![CDATA[Finding element: By.xpath: //span[contains(text(), '@')], current URL: 'https://mail.google.com/mail/?ui=2&view=btop&ver=1qarjayb7dfsd&search=sent&th=15d47d0738d45b8f&cvid=1']]>
    </line>
    <line>
      <![CDATA[Finding element: By.xpath: //div[@dir='ltr'], current URL: 'https://mail.google.com/mail/?ui=2&view=btop&ver=1qarjayb7dfsd&search=sent&th=15d47d0738d45b8f&cvid=1']]>
    </line>
    <line>
      <![CDATA[Closing window]]>
    </line>
    <line>
      <![CDATA[Closing browser]]>
    </line>
  </reporter-output>
  <suite name="Default suite" duration-ms="62633" started-at="2017-07-15T19:52:51Z" finished-at="2017-07-15T19:53:53Z">
    <groups>
    </groups>
    <test name="Default test" duration-ms="62633" started-at="2017-07-15T19:52:51Z" finished-at="2017-07-15T19:53:53Z">
      <class name="by.epam.atmentoring.design_patterns.test.PageObjectGmailTest">
        <test-method status="PASS" signature="mouseKeyboardActions()[pri:0, instance:by.epam.atmentoring.design_patterns.test.PageObjectGmailTest@c038203]" name="mouseKeyboardActions" duration-ms="20100" started-at="2017-07-15T22:52:51Z" finished-at="2017-07-15T22:53:11Z">
          <reporter-output>
            <line>
              <![CDATA[Opening https://accounts.google.com/signin/v2/identifier, current URL: 'data:,']]>
            </line>
            <line>
              <![CDATA[Finding elements: By.xpath: //input[@id='identifierId'], current URL: 'https://accounts.google.com/signin/v2/identifier?flowName=GlifWebSignIn&flowEntry=ServiceLogin']]>
            </line>
            <line>
              <![CDATA[Finding element: By.xpath: //input[@id='identifierId'], current URL: 'https://accounts.google.com/signin/v2/identifier?flowName=GlifWebSignIn&flowEntry=ServiceLogin']]>
            </line>
            <line>
              <![CDATA[Finding elements: By.xpath: //div[@id='identifierNext']/content/span, current URL: 'https://accounts.google.com/signin/v2/identifier?flowName=GlifWebSignIn&flowEntry=ServiceLogin']]>
            </line>
            <line>
              <![CDATA[Finding element: By.xpath: //div[@id='identifierNext']/content/span, current URL: 'https://accounts.google.com/signin/v2/identifier?flowName=GlifWebSignIn&flowEntry=ServiceLogin']]>
            </line>
            <line>
              <![CDATA[Finding elements: By.xpath: //input[@name='password'], current URL: 'https://accounts.google.com/signin/v2/identifier?flowName=GlifWebSignIn&flowEntry=ServiceLogin']]>
            </line>
            <line>
              <![CDATA[Finding elements: By.xpath: //input[@name='password'], current URL: 'https://accounts.google.com/signin/v2/sl/pwd?flowName=GlifWebSignIn&flowEntry=ServiceLogin&cid=1&navigationDirection=forward']]>
            </line>
            <line>
              <![CDATA[Finding element: By.xpath: //input[@name='password'], current URL: 'https://accounts.google.com/signin/v2/sl/pwd?flowName=GlifWebSignIn&flowEntry=ServiceLogin&cid=1&navigationDirection=forward']]>
            </line>
            <line>
              <![CDATA[Finding elements: By.xpath: //span[contains(text(), 'Next')], current URL: 'https://accounts.google.com/signin/v2/sl/pwd?flowName=GlifWebSignIn&flowEntry=ServiceLogin&cid=1&navigationDirection=forward']]>
            </line>
            <line>
              <![CDATA[Finding element: By.xpath: //span[contains(text(), 'Next')], current URL: 'https://accounts.google.com/signin/v2/sl/pwd?flowName=GlifWebSignIn&flowEntry=ServiceLogin&cid=1&navigationDirection=forward']]>
            </line>
            <line>
              <![CDATA[Finding elements: By.xpath: //a[@aria-label='Mail'], current URL: 'https://accounts.google.com/signin/v2/sl/pwd?flowName=GlifWebSignIn&flowEntry=ServiceLogin&cid=1&navigationDirection=forward']]>
            </line>
            <line>
              <![CDATA[Finding element: By.xpath: //a[@aria-label='Mail'], current URL: 'https://myaccount.google.com/?pli=1']]>
            </line>
            <line>
              <![CDATA[Finding element: By.xpath: //span[contains(text(), 'More')], current URL: 'https://mail.google.com/mail/#inbox']]>
            </line>
            <line>
              <![CDATA[Finding element: By.xpath: //a[@title='Trash'], current URL: 'https://mail.google.com/mail/#inbox']]>
            </line>
            <line>
              <![CDATA[Finding elements: By.xpath: //div[contains(text(), 'COMPOSE')], current URL: 'https://mail.google.com/mail/#inbox']]>
            </line>
            <line>
              <![CDATA[Finding element: By.xpath: //div[contains(text(), 'COMPOSE')], current URL: 'https://mail.google.com/mail/#inbox']]>
            </line>
            <line>
              <![CDATA[Finding elements: By.xpath: //textarea[@aria-label='To'], current URL: 'https://mail.google.com/mail/#inbox?compose=new']]>
            </line>
            <line>
              <![CDATA[Finding element: By.xpath: //textarea[@aria-label='To'], current URL: 'https://mail.google.com/mail/#inbox?compose=new']]>
            </line>
            <line>
              <![CDATA[Finding element: By.xpath: //textarea[@aria-label='To'], current URL: 'https://mail.google.com/mail/#inbox?compose=new']]>
            </line>
            <line>
              <![CDATA[Finding elements: By.xpath: //input[@placeholder='Subject'], current URL: 'https://mail.google.com/mail/#inbox?compose=new']]>
            </line>
            <line>
              <![CDATA[Finding element: By.xpath: //input[@placeholder='Subject'], current URL: 'https://mail.google.com/mail/#inbox?compose=new']]>
            </line>
            <line>
              <![CDATA[Finding elements: By.xpath: //div[@contenteditable='true'], current URL: 'https://mail.google.com/mail/#inbox?compose=new']]>
            </line>
            <line>
              <![CDATA[Finding element: By.xpath: //div[@contenteditable='true'], current URL: 'https://mail.google.com/mail/#inbox?compose=new']]>
            </line>
            <line>
              <![CDATA[Finding element: By.xpath: //div[@contenteditable='true'], current URL: 'https://mail.google.com/mail/#inbox?compose=new']]>
            </line>
            <line>
              <![CDATA[Finding elements: By.xpath: //*[@data-tooltip='Send ‪(Ctrl-Enter)‬'], current URL: 'https://mail.google.com/mail/#inbox?compose=new']]>
            </line>
            <line>
              <![CDATA[Finding element: By.xpath: //*[@data-tooltip='Send ‪(Ctrl-Enter)‬'], current URL: 'https://mail.google.com/mail/#inbox?compose=new']]>
            </line>
            <line>
              <![CDATA[Finding element: By.partialLinkText: Sent Mail, current URL: 'https://mail.google.com/mail/#inbox?compose=new']]>
            </line>
            <line>
              <![CDATA[Finding elements: By.xpath: //title[contains(text(), 'Sent Mail')], current URL: 'https://mail.google.com/mail/#inbox?compose=new']]>
            </line>
            <line>
              <![CDATA[Finding element: By.xpath: //span[contains(text(), 'More')], current URL: 'https://mail.google.com/mail/#sent']]>
            </line>
            <line>
              <![CDATA[Finding element: By.xpath: //a[@title='Trash'], current URL: 'https://mail.google.com/mail/#sent']]>
            </line>
            <line>
              <![CDATA[Finding element: By.cssSelector: a[title^='Google Account: '], current URL: 'https://mail.google.com/mail/#sent']]>
            </line>
            <line>
              <![CDATA[Finding elements: By.linkText: Sign out, current URL: 'https://mail.google.com/mail/#sent']]>
            </line>
            <line>
              <![CDATA[Finding element: By.linkText: Sign out, current URL: 'https://mail.google.com/mail/#sent']]>
            </line>
          </reporter-output>
        </test-method> <!-- mouseKeyboardActions -->
        <test-method status="PASS" signature="jsInjection()[pri:0, instance:by.epam.atmentoring.design_patterns.test.PageObjectGmailTest@c038203]" name="jsInjection" duration-ms="7800" started-at="2017-07-15T22:53:11Z" depends-on-methods="by.epam.atmentoring.design_patterns.test.PageObjectGmailTest.mouseKeyboardActions" finished-at="2017-07-15T22:53:19Z">
          <reporter-output>
            <line>
              <![CDATA[Opening https://accounts.google.com/signin/v2/identifier, current URL: 'https://accounts.google.com/signin/v2/sl/pwd?service=mail&passive=true&rm=false&continue=https%3A%2F%2Fmail.google.com%2Fmail%2F&ss=1&scc=1&ltmpl=default&ltmplcache=2&emr=1&osid=1&flowName=GlifWebSignIn&flowEntry=ServiceLogin']]>
            </line>
            <line>
              <![CDATA[Finding elements: By.xpath: //input[@id='identifierId'], current URL: 'https://accounts.google.com/signin/v2/identifier?flowName=GlifWebSignIn&flowEntry=ServiceLogin']]>
            </line>
            <line>
              <![CDATA[Finding element: By.xpath: //input[@id='identifierId'], current URL: 'https://accounts.google.com/signin/v2/identifier?flowName=GlifWebSignIn&flowEntry=ServiceLogin']]>
            </line>
            <line>
              <![CDATA[Finding elements: By.xpath: //div[@id='identifierNext']/content/span, current URL: 'https://accounts.google.com/signin/v2/identifier?flowName=GlifWebSignIn&flowEntry=ServiceLogin']]>
            </line>
            <line>
              <![CDATA[Finding element: By.xpath: //div[@id='identifierNext']/content/span, current URL: 'https://accounts.google.com/signin/v2/identifier?flowName=GlifWebSignIn&flowEntry=ServiceLogin']]>
            </line>
            <line>
              <![CDATA[Finding elements: By.xpath: //input[@name='password'], current URL: 'https://accounts.google.com/signin/v2/identifier?flowName=GlifWebSignIn&flowEntry=ServiceLogin']]>
            </line>
            <line>
              <![CDATA[Finding elements: By.xpath: //input[@name='password'], current URL: 'https://accounts.google.com/signin/v2/sl/pwd?flowName=GlifWebSignIn&flowEntry=ServiceLogin&cid=1&navigationDirection=forward']]>
            </line>
            <line>
              <![CDATA[Finding element: By.xpath: //input[@name='password'], current URL: 'https://accounts.google.com/signin/v2/sl/pwd?flowName=GlifWebSignIn&flowEntry=ServiceLogin&cid=1&navigationDirection=forward']]>
            </line>
            <line>
              <![CDATA[Finding elements: By.xpath: //span[contains(text(), 'Next')], current URL: 'https://accounts.google.com/signin/v2/sl/pwd?flowName=GlifWebSignIn&flowEntry=ServiceLogin&cid=1&navigationDirection=forward']]>
            </line>
            <line>
              <![CDATA[Finding element: By.xpath: //span[contains(text(), 'Next')], current URL: 'https://accounts.google.com/signin/v2/sl/pwd?flowName=GlifWebSignIn&flowEntry=ServiceLogin&cid=1&navigationDirection=forward']]>
            </line>
            <line>
              <![CDATA[Finding elements: By.xpath: //a[@aria-label='Mail'], current URL: 'https://accounts.google.com/signin/v2/sl/pwd?flowName=GlifWebSignIn&flowEntry=ServiceLogin&cid=1&navigationDirection=forward']]>
            </line>
            <line>
              <![CDATA[Finding element: By.xpath: //a[@aria-label='Mail'], current URL: 'https://myaccount.google.com/?pli=1']]>
            </line>
            <line>
              <![CDATA[Finding element: By.xpath: //span[contains(text(), 'More')], current URL: 'https://mail.google.com/mail/#inbox']]>
            </line>
            <line>
              <![CDATA[Finding element: By.xpath: //a[@title='Trash'], current URL: 'https://mail.google.com/mail/#inbox']]>
            </line>
          </reporter-output>
        </test-method> <!-- jsInjection -->
        <test-method status="PASS" signature="Scenario1()[pri:0, instance:by.epam.atmentoring.design_patterns.test.PageObjectGmailTest@c038203]" name="Scenario1" duration-ms="13129" started-at="2017-07-15T22:53:19Z" depends-on-methods="by.epam.atmentoring.design_patterns.test.PageObjectGmailTest.jsInjection" finished-at="2017-07-15T22:53:32Z">
          <reporter-output>
            <line>
              <![CDATA[Opening https://accounts.google.com/signin/v2/identifier, current URL: 'https://mail.google.com/mail/#inbox']]>
            </line>
            <line>
              <![CDATA[Finding elements: By.xpath: //input[@id='identifierId'], current URL: 'https://accounts.google.com/signin/v2/identifier?flowName=GlifWebSignIn&flowEntry=ServiceLogin']]>
            </line>
            <line>
              <![CDATA[Finding element: By.xpath: //input[@id='identifierId'], current URL: 'https://accounts.google.com/signin/v2/identifier?flowName=GlifWebSignIn&flowEntry=ServiceLogin']]>
            </line>
            <line>
              <![CDATA[Finding elements: By.xpath: //div[@id='identifierNext']/content/span, current URL: 'https://accounts.google.com/signin/v2/identifier?flowName=GlifWebSignIn&flowEntry=ServiceLogin']]>
            </line>
            <line>
              <![CDATA[Finding element: By.xpath: //div[@id='identifierNext']/content/span, current URL: 'https://accounts.google.com/signin/v2/identifier?flowName=GlifWebSignIn&flowEntry=ServiceLogin']]>
            </line>
            <line>
              <![CDATA[Finding elements: By.xpath: //input[@name='password'], current URL: 'https://accounts.google.com/signin/v2/identifier?flowName=GlifWebSignIn&flowEntry=ServiceLogin']]>
            </line>
            <line>
              <![CDATA[Finding elements: By.xpath: //input[@name='password'], current URL: 'https://accounts.google.com/signin/v2/sl/pwd?flowName=GlifWebSignIn&flowEntry=ServiceLogin&cid=1&navigationDirection=forward']]>
            </line>
            <line>
              <![CDATA[Finding element: By.xpath: //input[@name='password'], current URL: 'https://accounts.google.com/signin/v2/sl/pwd?flowName=GlifWebSignIn&flowEntry=ServiceLogin&cid=1&navigationDirection=forward']]>
            </line>
            <line>
              <![CDATA[Finding elements: By.xpath: //span[contains(text(), 'Next')], current URL: 'https://accounts.google.com/signin/v2/sl/pwd?flowName=GlifWebSignIn&flowEntry=ServiceLogin&cid=1&navigationDirection=forward']]>
            </line>
            <line>
              <![CDATA[Finding element: By.xpath: //span[contains(text(), 'Next')], current URL: 'https://accounts.google.com/signin/v2/sl/pwd?flowName=GlifWebSignIn&flowEntry=ServiceLogin&cid=1&navigationDirection=forward']]>
            </line>
            <line>
              <![CDATA[Finding elements: By.xpath: //a[@aria-label='Mail'], current URL: 'https://accounts.google.com/signin/v2/sl/pwd?flowName=GlifWebSignIn&flowEntry=ServiceLogin&cid=1&navigationDirection=forward']]>
            </line>
            <line>
              <![CDATA[Finding element: By.xpath: //a[@aria-label='Mail'], current URL: 'https://myaccount.google.com/']]>
            </line>
            <line>
              <![CDATA[Finding element: By.xpath: //span[contains(text(), 'More')], current URL: 'https://mail.google.com/mail/#inbox']]>
            </line>
            <line>
              <![CDATA[Finding element: By.xpath: //a[@title='Trash'], current URL: 'https://mail.google.com/mail/#inbox']]>
            </line>
            <line>
              <![CDATA[Finding elements: By.xpath: //div[contains(text(), 'COMPOSE')], current URL: 'https://mail.google.com/mail/#inbox']]>
            </line>
            <line>
              <![CDATA[Finding element: By.xpath: //div[contains(text(), 'COMPOSE')], current URL: 'https://mail.google.com/mail/#inbox']]>
            </line>
            <line>
              <![CDATA[Finding elements: By.xpath: //textarea[@aria-label='To'], current URL: 'https://mail.google.com/mail/#inbox?compose=new']]>
            </line>
            <line>
              <![CDATA[Finding element: By.xpath: //textarea[@aria-label='To'], current URL: 'https://mail.google.com/mail/#inbox?compose=new']]>
            </line>
            <line>
              <![CDATA[Finding element: By.xpath: //textarea[@aria-label='To'], current URL: 'https://mail.google.com/mail/#inbox?compose=new']]>
            </line>
            <line>
              <![CDATA[Finding elements: By.xpath: //input[@placeholder='Subject'], current URL: 'https://mail.google.com/mail/#inbox?compose=new']]>
            </line>
            <line>
              <![CDATA[Finding element: By.xpath: //input[@placeholder='Subject'], current URL: 'https://mail.google.com/mail/#inbox?compose=new']]>
            </line>
            <line>
              <![CDATA[Finding elements: By.xpath: //div[@contenteditable='true'], current URL: 'https://mail.google.com/mail/#inbox?compose=new']]>
            </line>
            <line>
              <![CDATA[Finding element: By.xpath: //div[@contenteditable='true'], current URL: 'https://mail.google.com/mail/#inbox?compose=new']]>
            </line>
            <line>
              <![CDATA[Finding element: By.xpath: //div[@contenteditable='true'], current URL: 'https://mail.google.com/mail/#inbox?compose=new']]>
            </line>
            <line>
              <![CDATA[Finding elements: By.xpath: //img[@data-tooltip='Save & Close'], current URL: 'https://mail.google.com/mail/#inbox?compose=new']]>
            </line>
            <line>
              <![CDATA[Finding element: By.xpath: //img[@data-tooltip='Save & Close'], current URL: 'https://mail.google.com/mail/#inbox?compose=new']]>
            </line>
            <line>
              <![CDATA[Finding element: By.partialLinkText: Drafts, current URL: 'https://mail.google.com/mail/#inbox']]>
            </line>
            <line>
              <![CDATA[Finding elements: By.xpath: //title[contains(text(), 'Drafts')], current URL: 'https://mail.google.com/mail/#inbox']]>
            </line>
            <line>
              <![CDATA[Finding element: By.xpath: //span[contains(text(), 'More')], current URL: 'https://mail.google.com/mail/#drafts']]>
            </line>
            <line>
              <![CDATA[Finding element: By.xpath: //a[@title='Trash'], current URL: 'https://mail.google.com/mail/#drafts']]>
            </line>
            <line>
              <![CDATA[Finding elements: By.xpath: //tr[1]/td[4]/div[2]/font[contains(text(), 'Draft')], current URL: 'https://mail.google.com/mail/#drafts']]>
            </line>
            <line>
              <![CDATA[Finding element: By.xpath: //tr[1]/td[4]/div[2]/font[contains(text(), 'Draft')], current URL: 'https://mail.google.com/mail/#drafts']]>
            </line>
            <line>
              <![CDATA[Finding elements: By.xpath: //*[@data-tooltip='Send ‪(Ctrl-Enter)‬'], current URL: 'https://mail.google.com/mail/#drafts']]>
            </line>
            <line>
              <![CDATA[Finding element: By.xpath: //*[@data-tooltip='Send ‪(Ctrl-Enter)‬'], current URL: 'https://mail.google.com/mail/#drafts?compose=15d47d01e6dae677']]>
            </line>
            <line>
              <![CDATA[Finding element: By.partialLinkText: Sent Mail, current URL: 'https://mail.google.com/mail/#drafts?compose=15d47d01e6dae677']]>
            </line>
            <line>
              <![CDATA[Finding elements: By.xpath: //title[contains(text(), 'Sent Mail')], current URL: 'https://mail.google.com/mail/#drafts?compose=15d47d01e6dae677']]>
            </line>
            <line>
              <![CDATA[Finding element: By.xpath: //span[contains(text(), 'More')], current URL: 'https://mail.google.com/mail/#sent']]>
            </line>
            <line>
              <![CDATA[Finding element: By.xpath: //a[@title='Trash'], current URL: 'https://mail.google.com/mail/#sent']]>
            </line>
            <line>
              <![CDATA[Finding element: By.xpath: //*[@role='main']/div[4]//table/tbody/tr[1]/td[8]/span, current URL: 'https://mail.google.com/mail/#sent']]>
            </line>
            <line>
              <![CDATA[Finding element: By.cssSelector: a[title^='Google Account: '], current URL: 'https://mail.google.com/mail/#sent']]>
            </line>
            <line>
              <![CDATA[Finding elements: By.linkText: Sign out, current URL: 'https://mail.google.com/mail/#sent']]>
            </line>
            <line>
              <![CDATA[Finding element: By.linkText: Sign out, current URL: 'https://mail.google.com/mail/#sent']]>
            </line>
          </reporter-output>
        </test-method> <!-- Scenario1 -->
        <test-method status="PASS" signature="Scenario2()[pri:0, instance:by.epam.atmentoring.design_patterns.test.PageObjectGmailTest@c038203]" name="Scenario2" duration-ms="8165" started-at="2017-07-15T22:53:32Z" depends-on-methods="by.epam.atmentoring.design_patterns.test.PageObjectGmailTest.Scenario1" finished-at="2017-07-15T22:53:40Z">
          <reporter-output>
            <line>
              <![CDATA[Opening https://accounts.google.com/signin/v2/identifier, current URL: 'https://accounts.google.com/signin/v2/sl/pwd?service=mail&passive=true&rm=false&continue=https%3A%2F%2Fmail.google.com%2Fmail%2F&ss=1&scc=1&ltmpl=default&ltmplcache=2&emr=1&osid=1&flowName=GlifWebSignIn&flowEntry=ServiceLogin']]>
            </line>
            <line>
              <![CDATA[Finding elements: By.xpath: //input[@id='identifierId'], current URL: 'https://accounts.google.com/signin/v2/identifier?flowName=GlifWebSignIn&flowEntry=ServiceLogin']]>
            </line>
            <line>
              <![CDATA[Finding element: By.xpath: //input[@id='identifierId'], current URL: 'https://accounts.google.com/signin/v2/identifier?flowName=GlifWebSignIn&flowEntry=ServiceLogin']]>
            </line>
            <line>
              <![CDATA[Finding elements: By.xpath: //div[@id='identifierNext']/content/span, current URL: 'https://accounts.google.com/signin/v2/identifier?flowName=GlifWebSignIn&flowEntry=ServiceLogin']]>
            </line>
            <line>
              <![CDATA[Finding element: By.xpath: //div[@id='identifierNext']/content/span, current URL: 'https://accounts.google.com/signin/v2/identifier?flowName=GlifWebSignIn&flowEntry=ServiceLogin']]>
            </line>
            <line>
              <![CDATA[Finding elements: By.xpath: //input[@name='password'], current URL: 'https://accounts.google.com/signin/v2/identifier?flowName=GlifWebSignIn&flowEntry=ServiceLogin']]>
            </line>
            <line>
              <![CDATA[Finding elements: By.xpath: //input[@name='password'], current URL: 'https://accounts.google.com/signin/v2/sl/pwd?flowName=GlifWebSignIn&flowEntry=ServiceLogin&cid=1&navigationDirection=forward']]>
            </line>
            <line>
              <![CDATA[Finding element: By.xpath: //input[@name='password'], current URL: 'https://accounts.google.com/signin/v2/sl/pwd?flowName=GlifWebSignIn&flowEntry=ServiceLogin&cid=1&navigationDirection=forward']]>
            </line>
            <line>
              <![CDATA[Finding elements: By.xpath: //span[contains(text(), 'Next')], current URL: 'https://accounts.google.com/signin/v2/sl/pwd?flowName=GlifWebSignIn&flowEntry=ServiceLogin&cid=1&navigationDirection=forward']]>
            </line>
            <line>
              <![CDATA[Finding element: By.xpath: //span[contains(text(), 'Next')], current URL: 'https://accounts.google.com/signin/v2/sl/pwd?flowName=GlifWebSignIn&flowEntry=ServiceLogin&cid=1&navigationDirection=forward']]>
            </line>
            <line>
              <![CDATA[Finding element: By.xpath: //*[contains (text(), 'Wrong password. Try again.')], current URL: 'https://accounts.google.com/signin/v2/sl/pwd?flowName=GlifWebSignIn&flowEntry=ServiceLogin&cid=1&navigationDirection=forward']]>
            </line>
            <line>
              <![CDATA[Finding elements: By.xpath: //input[@name='password'], current URL: 'https://accounts.google.com/signin/v2/sl/pwd?flowName=GlifWebSignIn&flowEntry=ServiceLogin&cid=1&navigationDirection=forward']]>
            </line>
            <line>
              <![CDATA[Finding element: By.xpath: //input[@name='password'], current URL: 'https://accounts.google.com/signin/v2/sl/pwd?flowName=GlifWebSignIn&flowEntry=ServiceLogin&cid=1&navigationDirection=forward']]>
            </line>
            <line>
              <![CDATA[Finding elements: By.xpath: //span[contains(text(), 'Next')], current URL: 'https://accounts.google.com/signin/v2/sl/pwd?flowName=GlifWebSignIn&flowEntry=ServiceLogin&cid=1&navigationDirection=forward']]>
            </line>
            <line>
              <![CDATA[Finding element: By.xpath: //span[contains(text(), 'Next')], current URL: 'https://accounts.google.com/signin/v2/sl/pwd?flowName=GlifWebSignIn&flowEntry=ServiceLogin&cid=1&navigationDirection=forward']]>
            </line>
            <line>
              <![CDATA[Finding elements: By.xpath: //a[@aria-label='Mail'], current URL: 'https://accounts.google.com/signin/v2/sl/pwd?flowName=GlifWebSignIn&flowEntry=ServiceLogin&cid=1&navigationDirection=forward']]>
            </line>
            <line>
              <![CDATA[Finding element: By.xpath: //a[@aria-label='Mail'], current URL: 'https://myaccount.google.com/?pli=1']]>
            </line>
            <line>
              <![CDATA[Finding element: By.xpath: //span[contains(text(), 'More')], current URL: 'https://mail.google.com/mail/#inbox']]>
            </line>
            <line>
              <![CDATA[Finding element: By.xpath: //a[@title='Trash'], current URL: 'https://mail.google.com/mail/#inbox']]>
            </line>
          </reporter-output>
        </test-method> <!-- Scenario2 -->
        <test-method status="PASS" signature="Scenario3()[pri:0, instance:by.epam.atmentoring.design_patterns.test.PageObjectGmailTest@c038203]" name="Scenario3" duration-ms="12493" started-at="2017-07-15T22:53:40Z" depends-on-methods="by.epam.atmentoring.design_patterns.test.PageObjectGmailTest.Scenario2" finished-at="2017-07-15T22:53:52Z">
          <reporter-output>
            <line>
              <![CDATA[Opening https://accounts.google.com/signin/v2/identifier, current URL: 'https://mail.google.com/mail/#inbox']]>
            </line>
            <line>
              <![CDATA[Finding elements: By.xpath: //input[@id='identifierId'], current URL: 'https://accounts.google.com/signin/v2/identifier?flowName=GlifWebSignIn&flowEntry=ServiceLogin']]>
            </line>
            <line>
              <![CDATA[Finding element: By.xpath: //input[@id='identifierId'], current URL: 'https://accounts.google.com/signin/v2/identifier?flowName=GlifWebSignIn&flowEntry=ServiceLogin']]>
            </line>
            <line>
              <![CDATA[Finding elements: By.xpath: //div[@id='identifierNext']/content/span, current URL: 'https://accounts.google.com/signin/v2/identifier?flowName=GlifWebSignIn&flowEntry=ServiceLogin']]>
            </line>
            <line>
              <![CDATA[Finding element: By.xpath: //div[@id='identifierNext']/content/span, current URL: 'https://accounts.google.com/signin/v2/identifier?flowName=GlifWebSignIn&flowEntry=ServiceLogin']]>
            </line>
            <line>
              <![CDATA[Finding elements: By.xpath: //input[@name='password'], current URL: 'https://accounts.google.com/signin/v2/identifier?flowName=GlifWebSignIn&flowEntry=ServiceLogin']]>
            </line>
            <line>
              <![CDATA[Finding elements: By.xpath: //input[@name='password'], current URL: 'https://accounts.google.com/signin/v2/sl/pwd?flowName=GlifWebSignIn&flowEntry=ServiceLogin&cid=1&navigationDirection=forward']]>
            </line>
            <line>
              <![CDATA[Finding element: By.xpath: //input[@name='password'], current URL: 'https://accounts.google.com/signin/v2/sl/pwd?flowName=GlifWebSignIn&flowEntry=ServiceLogin&cid=1&navigationDirection=forward']]>
            </line>
            <line>
              <![CDATA[Finding elements: By.xpath: //span[contains(text(), 'Next')], current URL: 'https://accounts.google.com/signin/v2/sl/pwd?flowName=GlifWebSignIn&flowEntry=ServiceLogin&cid=1&navigationDirection=forward']]>
            </line>
            <line>
              <![CDATA[Finding element: By.xpath: //span[contains(text(), 'Next')], current URL: 'https://accounts.google.com/signin/v2/sl/pwd?flowName=GlifWebSignIn&flowEntry=ServiceLogin&cid=1&navigationDirection=forward']]>
            </line>
            <line>
              <![CDATA[Finding elements: By.xpath: //a[@aria-label='Mail'], current URL: 'https://accounts.google.com/signin/v2/sl/pwd?flowName=GlifWebSignIn&flowEntry=ServiceLogin&cid=1&navigationDirection=forward']]>
            </line>
            <line>
              <![CDATA[Finding element: By.xpath: //a[@aria-label='Mail'], current URL: 'https://myaccount.google.com/']]>
            </line>
            <line>
              <![CDATA[Finding element: By.xpath: //span[contains(text(), 'More')], current URL: 'https://mail.google.com/mail/#inbox']]>
            </line>
            <line>
              <![CDATA[Finding element: By.xpath: //a[@title='Trash'], current URL: 'https://mail.google.com/mail/#inbox']]>
            </line>
            <line>
              <![CDATA[Finding elements: By.xpath: //div[contains(text(), 'COMPOSE')], current URL: 'https://mail.google.com/mail/#inbox']]>
            </line>
            <line>
              <![CDATA[Finding element: By.xpath: //div[contains(text(), 'COMPOSE')], current URL: 'https://mail.google.com/mail/#inbox']]>
            </line>
            <line>
              <![CDATA[Finding elements: By.xpath: //textarea[@aria-label='To'], current URL: 'https://mail.google.com/mail/#inbox?compose=new']]>
            </line>
            <line>
              <![CDATA[Finding element: By.xpath: //textarea[@aria-label='To'], current URL: 'https://mail.google.com/mail/#inbox?compose=new']]>
            </line>
            <line>
              <![CDATA[Finding element: By.xpath: //textarea[@aria-label='To'], current URL: 'https://mail.google.com/mail/#inbox?compose=new']]>
            </line>
            <line>
              <![CDATA[Finding elements: By.xpath: //input[@placeholder='Subject'], current URL: 'https://mail.google.com/mail/#inbox?compose=new']]>
            </line>
            <line>
              <![CDATA[Finding element: By.xpath: //input[@placeholder='Subject'], current URL: 'https://mail.google.com/mail/#inbox?compose=new']]>
            </line>
            <line>
              <![CDATA[Finding elements: By.xpath: //div[@contenteditable='true'], current URL: 'https://mail.google.com/mail/#inbox?compose=new']]>
            </line>
            <line>
              <![CDATA[Finding element: By.xpath: //div[@contenteditable='true'], current URL: 'https://mail.google.com/mail/#inbox?compose=new']]>
            </line>
            <line>
              <![CDATA[Finding element: By.xpath: //div[@contenteditable='true'], current URL: 'https://mail.google.com/mail/#inbox?compose=new']]>
            </line>
            <line>
              <![CDATA[Finding elements: By.xpath: //*[@data-tooltip='Send ‪(Ctrl-Enter)‬'], current URL: 'https://mail.google.com/mail/#inbox?compose=new']]>
            </line>
            <line>
              <![CDATA[Finding element: By.xpath: //*[@data-tooltip='Send ‪(Ctrl-Enter)‬'], current URL: 'https://mail.google.com/mail/#inbox?compose=new']]>
            </line>
            <line>
              <![CDATA[Finding element: By.partialLinkText: Sent Mail, current URL: 'https://mail.google.com/mail/#inbox?compose=new']]>
            </line>
            <line>
              <![CDATA[Finding elements: By.xpath: //title[contains(text(), 'Sent Mail')], current URL: 'https://mail.google.com/mail/#inbox?compose=new']]>
            </line>
            <line>
              <![CDATA[Finding element: By.xpath: //span[contains(text(), 'More')], current URL: 'https://mail.google.com/mail/#sent']]>
            </line>
            <line>
              <![CDATA[Finding element: By.xpath: //a[@title='Trash'], current URL: 'https://mail.google.com/mail/#sent']]>
            </line>
            <line>
              <![CDATA[Finding element: By.xpath: //input[@dir='ltr'], current URL: 'https://mail.google.com/mail/#sent']]>
            </line>
            <line>
              <![CDATA[Finding element: By.xpath: //button[@aria-label='Search Gmail'], current URL: 'https://mail.google.com/mail/#sent']]>
            </line>
            <line>
              <![CDATA[Finding elements: By.xpath: //div[@role='main']//tr[@aria-labelledby][1], current URL: 'https://mail.google.com/mail/#sent']]>
            </line>
            <line>
              <![CDATA[Finding element: By.xpath: //div[@role='main']//tr[@aria-labelledby][1], current URL: 'https://mail.google.com/mail/#sent']]>
            </line>
            <line>
              <![CDATA[Finding element: By.xpath: //span[contains(text(), 'More')], current URL: 'https://mail.google.com/mail/#sent/15d47d0738d45b8f']]>
            </line>
            <line>
              <![CDATA[Finding element: By.xpath: //a[@title='Trash'], current URL: 'https://mail.google.com/mail/#sent/15d47d0738d45b8f']]>
            </line>
            <line>
              <![CDATA[Finding elements: By.xpath: //img[@alt='In new window'], current URL: 'https://mail.google.com/mail/#sent/15d47d0738d45b8f']]>
            </line>
            <line>
              <![CDATA[Finding element: By.xpath: //img[@alt='In new window'], current URL: 'https://mail.google.com/mail/#sent/15d47d0738d45b8f']]>
            </line>
            <line>
              <![CDATA[Switching to new window]]>
            </line>
            <line>
              <![CDATA[Finding element: By.xpath: //div[@role='main']//h2, current URL: 'https://mail.google.com/mail/?ui=2&view=btop&ver=1qarjayb7dfsd&search=sent&th=15d47d0738d45b8f&cvid=1']]>
            </line>
            <line>
              <![CDATA[Finding element: By.xpath: //span[contains(text(), '@')], current URL: 'https://mail.google.com/mail/?ui=2&view=btop&ver=1qarjayb7dfsd&search=sent&th=15d47d0738d45b8f&cvid=1']]>
            </line>
            <line>
              <![CDATA[Finding element: By.xpath: //div[@dir='ltr'], current URL: 'https://mail.google.com/mail/?ui=2&view=btop&ver=1qarjayb7dfsd&search=sent&th=15d47d0738d45b8f&cvid=1']]>
            </line>
            <line>
              <![CDATA[Closing window]]>
            </line>
          </reporter-output>
        </test-method> <!-- Scenario3 -->
        <test-method status="PASS" signature="tearDown()[pri:0, instance:by.epam.atmentoring.design_patterns.test.PageObjectGmailTest@c038203]" name="tearDown" is-config="true" duration-ms="921" started-at="2017-07-15T22:53:52Z" finished-at="2017-07-15T22:53:53Z">
          <reporter-output>
            <line>
              <![CDATA[Closing browser]]>
            </line>
          </reporter-output>
        </test-method> <!-- tearDown -->
      </class> <!-- by.epam.atmentoring.design_patterns.test.PageObjectGmailTest -->
    </test> <!-- Default test -->
  </suite> <!-- Default suite -->
</testng-results>
